Arguments: 
  /usr/local/Cellar/node/13.5.0/bin/node /usr/local/Cellar/yarn/1.21.1/libexec/bin/yarn.js add --dev @types/nodejs

PATH: 
  /usr/local/opt/php@7.3/sbin:/usr/local/opt/php@7.3/bin:/usr/local/opt/php@7.2/sbin:/usr/local/opt/php@7.2/bin:/usr/local/opt/php@7.3/sbin:/usr/local/opt/php@7.3/bin:/usr/local/opt/php@7.3/bin:/usr/local/bin:/usr/bin:/bin:/usr/sbin:/sbin:/usr/local/opt/php@7.3/sbin:/usr/local/opt/php@7.3/bin:/usr/local/opt/php@7.2/sbin:/usr/local/opt/php@7.2/bin

Yarn version: 
  1.21.1

Node version: 
  13.5.0

Platform: 
  darwin x64

Trace: 
  Error: https://registry.yarnpkg.com/@types%2fnodejs: Not found
      at Request.params.callback [as _callback] (/usr/local/Cellar/yarn/1.21.1/libexec/lib/cli.js:66947:18)
      at Request.self.callback (/usr/local/Cellar/yarn/1.21.1/libexec/lib/cli.js:140665:22)
      at Request.emit (events.js:305:20)
      at Request.<anonymous> (/usr/local/Cellar/yarn/1.21.1/libexec/lib/cli.js:141637:10)
      at Request.emit (events.js:305:20)
      at IncomingMessage.<anonymous> (/usr/local/Cellar/yarn/1.21.1/libexec/lib/cli.js:141559:12)
      at Object.onceWrapper (events.js:411:28)
      at IncomingMessage.emit (events.js:317:22)
      at endReadableNT (_stream_readable.js:1215:12)
      at processTicksAndRejections (internal/process/task_queues.js:84:21)

npm manifest: 
  {
    "name": "vk-bot-framework",
    "version": "1.0.0",
    "description": "VK Bot advanced framework with cool features. :)",
    "types": "dist/index.d.ts",
    "main": "dist/index.ts",
    "prepublish": "tsc",
    "repository": "https://github.com/YmerDev/vk-bot-framework",
    "author": "YmerDev <yaymer224@gmail.com>",
    "license": "MIT",
    "scripts": {
      "test": "mocha -r ts-node/register tests/**/*.test.ts"
    },
    "devDependencies": {
      "@types/chai": "^4.2.11",
      "chai": "^4.2.0",
      "ts-node": "^8.7.0",
      "typescript": "^3.8.3"
    }
  }

yarn manifest: 
  No manifest

Lockfile: 
  # THIS IS AN AUTOGENERATED FILE. DO NOT EDIT THIS FILE DIRECTLY.
  # yarn lockfile v1
  
  
  "@types/chai@^4.2.11":
    version "4.2.11"
    resolved "https://registry.yarnpkg.com/@types/chai/-/chai-4.2.11.tgz#d3614d6c5f500142358e6ed24e1bf16657536c50"
    integrity sha512-t7uW6eFafjO+qJ3BIV2gGUyZs27egcNRkUdalkud+Qa3+kg//f129iuOFivHDXQ+vnU3fDXuwgv0cqMCbcE8sw==
  
  arg@^4.1.0:
    version "4.1.3"
    resolved "https://registry.yarnpkg.com/arg/-/arg-4.1.3.tgz#269fc7ad5b8e42cb63c896d5666017261c144089"
    integrity sha512-58S9QDqG0Xx27YwPSt9fJxivjYl432YCwfDMfZ+71RAqUrZef7LrKQZ3LHLOwCS4FLNBplP533Zx895SeOCHvA==
  
  assertion-error@^1.1.0:
    version "1.1.0"
    resolved "https://registry.yarnpkg.com/assertion-error/-/assertion-error-1.1.0.tgz#e60b6b0e8f301bd97e5375215bda406c85118c0b"
    integrity sha512-jgsaNduz+ndvGyFt3uSuWqvy4lCnIJiovtouQN5JZHOKCS2QuhEdbcQHFhVksz2N2U9hXJo8odG7ETyWlEeuDw==
  
  buffer-from@^1.0.0:
    version "1.1.1"
    resolved "https://registry.yarnpkg.com/buffer-from/-/buffer-from-1.1.1.tgz#32713bc028f75c02fdb710d7c7bcec1f2c6070ef"
    integrity sha512-MQcXEUbCKtEo7bhqEs6560Hyd4XaovZlO/k9V3hjVUF/zwW7KBVdSK4gIt/bzwS9MbR5qob+F5jusZsb0YQK2A==
  
  chai@^4.2.0:
    version "4.2.0"
    resolved "https://registry.yarnpkg.com/chai/-/chai-4.2.0.tgz#760aa72cf20e3795e84b12877ce0e83737aa29e5"
    integrity sha512-XQU3bhBukrOsQCuwZndwGcCVQHyZi53fQ6Ys1Fym7E4olpIqqZZhhoFJoaKVvV17lWQoXYwgWN2nF5crA8J2jw==
    dependencies:
      assertion-error "^1.1.0"
      check-error "^1.0.2"
      deep-eql "^3.0.1"
      get-func-name "^2.0.0"
      pathval "^1.1.0"
      type-detect "^4.0.5"
  
  check-error@^1.0.2:
    version "1.0.2"
    resolved "https://registry.yarnpkg.com/check-error/-/check-error-1.0.2.tgz#574d312edd88bb5dd8912e9286dd6c0aed4aac82"
    integrity sha1-V00xLt2Iu13YkS6Sht1sCu1KrII=
  
  deep-eql@^3.0.1:
    version "3.0.1"
    resolved "https://registry.yarnpkg.com/deep-eql/-/deep-eql-3.0.1.tgz#dfc9404400ad1c8fe023e7da1df1c147c4b444df"
    integrity sha512-+QeIQyN5ZuO+3Uk5DYh6/1eKO0m0YmJFGNmFHGACpf1ClL1nmlV/p4gNgbl2pJGxgXb4faqo6UE+M5ACEMyVcw==
    dependencies:
      type-detect "^4.0.0"
  
  diff@^4.0.1:
    version "4.0.2"
    resolved "https://registry.yarnpkg.com/diff/-/diff-4.0.2.tgz#60f3aecb89d5fae520c11aa19efc2bb982aade7d"
    integrity sha512-58lmxKSA4BNyLz+HHMUzlOEpg09FV+ev6ZMe3vJihgdxzgcwZ8VoEEPmALCZG9LmqfVoNMMKpttIYTVG6uDY7A==
  
  get-func-name@^2.0.0:
    version "2.0.0"
    resolved "https://registry.yarnpkg.com/get-func-name/-/get-func-name-2.0.0.tgz#ead774abee72e20409433a066366023dd6887a41"
    integrity sha1-6td0q+5y4gQJQzoGY2YCPdaIekE=
  
  make-error@^1.1.1:
    version "1.3.6"
    resolved "https://registry.yarnpkg.com/make-error/-/make-error-1.3.6.tgz#2eb2e37ea9b67c4891f684a1394799af484cf7a2"
    integrity sha512-s8UhlNe7vPKomQhC1qFelMokr/Sc3AgNbso3n74mVPA5LTZwkB9NlXf4XPamLxJE8h0gh73rM94xvwRT2CVInw==
  
  pathval@^1.1.0:
    version "1.1.0"
    resolved "https://registry.yarnpkg.com/pathval/-/pathval-1.1.0.tgz#b942e6d4bde653005ef6b71361def8727d0645e0"
    integrity sha1-uULm1L3mUwBe9rcTYd74cn0GReA=
  
  source-map-support@^0.5.6:
    version "0.5.16"
    resolved "https://registry.yarnpkg.com/source-map-support/-/source-map-support-0.5.16.tgz#0ae069e7fe3ba7538c64c98515e35339eac5a042"
    integrity sha512-efyLRJDr68D9hBBNIPWFjhpFzURh+KJykQwvMyW5UiZzYwoF6l4YMMDIJJEyFWxWCqfyxLzz6tSfUFR+kXXsVQ==
    dependencies:
      buffer-from "^1.0.0"
      source-map "^0.6.0"
  
  source-map@^0.6.0:
    version "0.6.1"
    resolved "https://registry.yarnpkg.com/source-map/-/source-map-0.6.1.tgz#74722af32e9614e9c287a8d0bbde48b5e2f1a263"
    integrity sha512-UjgapumWlbMhkBgzT7Ykc5YXUT46F0iKu8SGXq0bcwP5dz/h0Plj6enJqjz1Zbq2l5WaqYnrVbwWOWMyF3F47g==
  
  ts-node@^8.7.0:
    version "8.7.0"
    resolved "https://registry.yarnpkg.com/ts-node/-/ts-node-8.7.0.tgz#266186947596bef9f3a034687595b30e31b20976"
    integrity sha512-s659CsHrsxaRVDEleuOkGvbsA0rWHtszUNEt1r0CgAFN5ZZTQtDzpsluS7W5pOGJIa1xZE8R/zK4dEs+ldFezg==
    dependencies:
      arg "^4.1.0"
      diff "^4.0.1"
      make-error "^1.1.1"
      source-map-support "^0.5.6"
      yn "3.1.1"
  
  type-detect@^4.0.0, type-detect@^4.0.5:
    version "4.0.8"
    resolved "https://registry.yarnpkg.com/type-detect/-/type-detect-4.0.8.tgz#7646fb5f18871cfbb7749e69bd39a6388eb7450c"
    integrity sha512-0fr/mIH1dlO+x7TlcMy+bIDqKPsw/70tVyeHW787goQjhmqaZe10uwLujubK9q9Lg6Fiho1KUKDYz0Z7k7g5/g==
  
  typescript@^3.8.3:
    version "3.8.3"
    resolved "https://registry.yarnpkg.com/typescript/-/typescript-3.8.3.tgz#409eb8544ea0335711205869ec458ab109ee1061"
    integrity sha512-MYlEfn5VrLNsgudQTVJeNaQFUAI7DkhnOjdpAp4T+ku1TfQClewlbSuTVHiA+8skNBgaf02TL/kLOvig4y3G8w==
  
  yn@3.1.1:
    version "3.1.1"
    resolved "https://registry.yarnpkg.com/yn/-/yn-3.1.1.tgz#1e87401a09d767c1d5eab26a6e4c185182d2eb50"
    integrity sha512-Ux4ygGWsu2c7isFWe8Yu1YluJmqVhxqK2cLXNQA5AcC3QfbGNpM7fu0Y8b/z16pXLnFxZYvWhd3fhBY9DLmC6Q==
